[2021-12-17 17:50:21 999][ConnectionConfig.conf C:\Users\caiha\DESKTOP\STARON\DataGuardMainComII\DataGuardVI\TaskRunningPlan\bin\Debug\netcoreapp3.1\ConnectionConfig.conf Not Exist]
[2021-12-17 17:50:22 105][ConnectionConfig.conf C:\Users\caiha\DESKTOP\STARON\DataGuardMainComII\DataGuardVI\TaskRunningPlan\bin\Debug\netcoreapp3.1\ConnectionConfig.conf Not Exist]
[ATTENDANCE BY PERIOD BUSINESS] [CalcPeriod::AttendanceByPeriodCalcUnit] [FAILURE] [FullName = 陳匡 Chan Hong][EmployeeId = E0011] 
[Invalid column name 'MainComId'.]
[ATTENDANCE BY PERIOD BUSINESS] [CalcPeriod::AttendanceByPeriodCalcUnit] [FAILURE] [FullName = 歐澳純 Au O'cen][EmployeeId = E0012] 
[Invalid column name 'MainComId'.]
[ATTENDANCE BY PERIOD BUSINESS] [CalcPeriod::AttendanceByPeriodCalcUnit] [FAILURE] [FullName = 黃米高 Wong Micheal][EmployeeId = E0013] 
[Invalid column name 'MainComId'.]
[ATTENDANCE BY PERIOD BUSINESS] [CalcPeriod::AttendanceByPeriodCalcUnit] [FAILURE] [FullName = 黃森 Wong Sam][EmployeeId = E0014] 
[Invalid column name 'MainComId'.]
[ATTENDANCE BY PERIOD BUSINESS] [CalcPeriod::AttendanceByPeriodCalcUnit] [FAILURE] [FullName = 賓馳 Benji Benji][EmployeeId = E0015] 
[Invalid column name 'MainComId'.]
[ATTENDANCE BY PERIOD BUSINESS] [CalcPeriod::AttendanceByPeriodCalcUnit] [FAILURE] [FullName = 馬哥 Ma Johnny][EmployeeId = E0016] 
[Invalid column name 'MainComId'.]
[ATTENDANCE BY PERIOD BUSINESS] [CalcPeriod::AttendanceByPeriodCalcUnit] [FAILURE] [FullName = 冼生 Sin Stephen][EmployeeId = E0017] 
[Invalid column name 'MainComId'.]
[ATTENDANCE BY PERIOD BUSINESS] [CalcPeriod::AttendanceByPeriodCalcUnit] [FAILURE] [FullName = 慧慧 Ko Prudence][EmployeeId = E0018] 
[Invalid column name 'MainComId'.]
[ATTENDANCE BY PERIOD BUSINESS] [CalcPeriod::AttendanceByPeriodCalcUnit] [FAILURE] [FullName = 鄧楠標 Tang Bill][EmployeeId = E0019] 
[Invalid column name 'MainComId'.]
[ATTENDANCE BY PERIOD BUSINESS] [CalcPeriod::AttendanceByPeriodCalcUnit] [FAILURE] [FullName = 莊小姐 Jong Irene][EmployeeId = E0020] 
[Invalid column name 'MainComId'.]
[ATTENDANCE BY PERIOD BUSINESS] [CalcPeriod::AttendanceByPeriodCalcUnit] [FAILURE] [FullName = 吳祖迪 NG Joe][EmployeeId = E0021] 
[Invalid column name 'MainComId'.]
[ATTENDANCE BY PERIOD BUSINESS] [CalcPeriod::AttendanceByPeriodCalcUnit] [FAILURE] [FullName = 羅東尼 Law Tony][EmployeeId = E0022] 
[Invalid column name 'MainComId'.]
[ATTENDANCE BY PERIOD BUSINESS] [CalcPeriod::AttendanceByPeriodCalcUnit] [FAILURE] [FullName = 郭德培 Kok Tak Pui][EmployeeId = E0023] 
[Invalid column name 'MainComId'.]
[ATTENDANCE BY PERIOD BUSINESS] [CalcPeriod::AttendanceByPeriodCalcUnit] [FAILURE] [FullName = 鄧學良 Tang Hok Leung][EmployeeId = E0024] 
[Invalid column name 'MainComId'.]
[ATTENDANCE BY PERIOD BUSINESS] [CalcPeriod::AttendanceByPeriodCalcUnit] [FAILURE] [FullName = 鄭家明 Cheng Gary][EmployeeId = E0025] 
[Invalid column name 'MainComId'.]
[ATTENDANCE BY PERIOD BUSINESS] [CalcPeriod::AttendanceByPeriodCalcUnit] [FAILURE] [FullName = 索妮亞 . Sonia][EmployeeId = E0026] 
[Invalid column name 'MainComId'.]
[ATTENDANCE BY PERIOD BUSINESS] [CalcPeriod::AttendanceByPeriodCalcUnit] [FAILURE] [FullName = 林米克 Lam Mike][EmployeeId = E0027] 
[Invalid column name 'MainComId'.]
[ATTENDANCE BY PERIOD BUSINESS] [CalcPeriod::AttendanceByPeriodCalcUnit] [FAILURE] [FullName = 鍾善芝 chung sin chi][EmployeeId = E0028] 
[Invalid column name 'MainComId'.]
[ATTENDANCE BY PERIOD BUSINESS] [CalcPeriod::AttendanceByPeriodCalcUnit] [FAILURE] [FullName = 陳匡 Chan Hong][EmployeeId = E0011] 
[Invalid column name 'MainComId'.]
[ATTENDANCE BY PERIOD BUSINESS] [CalcPeriod::AttendanceByPeriodCalcUnit] [FAILURE] [FullName = 歐澳純 Au O'cen][EmployeeId = E0012] 
[Invalid column name 'MainComId'.]
[ATTENDANCE BY PERIOD BUSINESS] [CalcPeriod::AttendanceByPeriodCalcUnit] [FAILURE] [FullName = 黃米高 Wong Micheal][EmployeeId = E0013] 
[Invalid column name 'MainComId'.]
[ATTENDANCE BY PERIOD BUSINESS] [CalcPeriod::AttendanceByPeriodCalcUnit] [FAILURE] [FullName = 黃森 Wong Sam][EmployeeId = E0014] 
[Invalid column name 'MainComId'.]
[ATTENDANCE BY PERIOD BUSINESS] [CalcPeriod::AttendanceByPeriodCalcUnit] [FAILURE] [FullName = 賓馳 Benji Benji][EmployeeId = E0015] 
[Invalid column name 'MainComId'.]
[ATTENDANCE BY PERIOD BUSINESS] [CalcPeriod::AttendanceByPeriodCalcUnit] [FAILURE] [FullName = 馬哥 Ma Johnny][EmployeeId = E0016] 
[Invalid column name 'MainComId'.]
[ATTENDANCE BY PERIOD BUSINESS] [CalcPeriod::AttendanceByPeriodCalcUnit] [FAILURE] [FullName = 冼生 Sin Stephen][EmployeeId = E0017] 
[Invalid column name 'MainComId'.]
[ATTENDANCE BY PERIOD BUSINESS] [CalcPeriod::AttendanceByPeriodCalcUnit] [FAILURE] [FullName = 慧慧 Ko Prudence][EmployeeId = E0018] 
[Invalid column name 'MainComId'.]
[ATTENDANCE BY PERIOD BUSINESS] [CalcPeriod::AttendanceByPeriodCalcUnit] [FAILURE] [FullName = 鄧楠標 Tang Bill][EmployeeId = E0019] 
[Invalid column name 'MainComId'.]
[ATTENDANCE BY PERIOD BUSINESS] [CalcPeriod::AttendanceByPeriodCalcUnit] [FAILURE] [FullName = 莊小姐 Jong Irene][EmployeeId = E0020] 
[Invalid column name 'MainComId'.]
[ATTENDANCE BY PERIOD BUSINESS] [CalcPeriod::AttendanceByPeriodCalcUnit] [FAILURE] [FullName = 吳祖迪 NG Joe][EmployeeId = E0021] 
[Invalid column name 'MainComId'.]
[ATTENDANCE BY PERIOD BUSINESS] [CalcPeriod::AttendanceByPeriodCalcUnit] [FAILURE] [FullName = 羅東尼 Law Tony][EmployeeId = E0022] 
[Invalid column name 'MainComId'.]
[ATTENDANCE BY PERIOD BUSINESS] [CalcPeriod::AttendanceByPeriodCalcUnit] [FAILURE] [FullName = 郭德培 Kok Tak Pui][EmployeeId = E0023] 
[Invalid column name 'MainComId'.]
[ATTENDANCE BY PERIOD BUSINESS] [CalcPeriod::AttendanceByPeriodCalcUnit] [FAILURE] [FullName = 鄧學良 Tang Hok Leung][EmployeeId = E0024] 
[Invalid column name 'MainComId'.]
[ATTENDANCE BY PERIOD BUSINESS] [CalcPeriod::AttendanceByPeriodCalcUnit] [FAILURE] [FullName = 鄭家明 Cheng Gary][EmployeeId = E0025] 
[Invalid column name 'MainComId'.]
[ATTENDANCE BY PERIOD BUSINESS] [CalcPeriod::AttendanceByPeriodCalcUnit] [FAILURE] [FullName = 索妮亞 . Sonia][EmployeeId = E0026] 
[Invalid column name 'MainComId'.]
[ATTENDANCE BY PERIOD BUSINESS] [CalcPeriod::AttendanceByPeriodCalcUnit] [FAILURE] [FullName = 林米克 Lam Mike][EmployeeId = E0027] 
[Invalid column name 'MainComId'.]
[ATTENDANCE BY PERIOD BUSINESS] [CalcPeriod::AttendanceByPeriodCalcUnit] [FAILURE] [FullName = 鍾善芝 chung sin chi][EmployeeId = E0028] 
[Invalid column name 'MainComId'.]
